<?xml version="1.0" encoding="UTF-8"?>
<!-- Generated by org.testng.reporters.JUnitXMLReporter -->
<testsuite hostname="DESKTOP-UPP16CF" name="Test" tests="4" failures="1" timestamp="25 Dec 2019 04:22:57 GMT" time="8.047" errors="0">
  <testcase name="m1" time="0.016" classname="pack1.TestNgPractice"/>
  <testcase name="m2" time="0.0" classname="pack1.TestNgPractice"/>
  <testcase name="main" time="8.009" classname="pack1.Program1">
    <failure type="java.lang.AssertionError" message="The following asserts failed:
	orange hrm page not found expected [OrangeHRM] but found []">
      <![CDATA[java.lang.AssertionError: The following asserts failed:
	orange hrm page not found expected [OrangeHRM] but found []
	at pack1.Program1.main(Program1.java:22)
... Removed 25 stack frames]]>
    </failure>
  </testcase> <!-- main -->
  <testcase name="main1" time="0.0" classname="pack1.Program1"/>
</testsuite> <!-- Test -->
